{
  "RSpec": {
    "coverage": {
      "/Users/michaelsteinacher/Projects/message-board/app.rb": {
        "lines": [
          1,
          null,
          1,
          1,
          1,
          null,
          null,
          1,
          2,
          null,
          null,
          1,
          1,
          1,
          null,
          1,
          null,
          null
        ]
      },
      "/Users/michaelsteinacher/Projects/message-board/spec/features/index_form_spec.rb": {
        "lines": [
          1,
          1,
          null,
          1,
          1,
          1,
          null,
          1,
          1,
          null,
          null,
          null,
          1,
          1,
          1,
          1,
          1,
          1,
          null,
          1,
          1,
          null,
          null
        ]
      },
      "/Users/michaelsteinacher/Projects/message-board/spec/features/test_page_spec.rb": {
        "lines": [
          1,
          1,
          null,
          1,
          1,
          1,
          null,
          1,
          null,
          null
        ]
      }
    },
    "timestamp": 1636022089
  }
}
